<?xml version="1.0" encoding="UTF-8"?>
<!-- Generated by org.testng.reporters.JUnitReportReporter -->
<testsuite skipped="0" hostname="Sunnys" name="com.actionclass.DragAndDrop" tests="1" failures="0" timestamp="2020-11-30T08:11:50 IST" time="2.235" errors="1">
  <testcase name="validateDrop" time="2.235" classname="com.actionclass.DragAndDrop">
    <error type="org.openqa.selenium.SessionNotCreatedException" message="session not created: This version of ChromeDriver only supports Chrome version 85
Build info: version: &#039;3.141.59&#039;, revision: &#039;e82be7d358&#039;, time: &#039;2018-11-14T08:17:03&#039;
System info: host: &#039;SUNNYS&#039;, ip: &#039;192.168.0.9&#039;, os.name: &#039;Windows 10&#039;, os.arch: &#039;amd64&#039;, os.version: &#039;10.0&#039;, java.version: &#039;1.8.0_251&#039;
Driver info: driver.version: ChromeDriver
remote stacktrace: Backtrace:
	Ordinal0 [0x00A2D383+3134339]
	Ordinal0 [0x0091A171+2007409]
	Ordinal0 [0x007BAEE8+569064]
	Ordinal0 [0x0074139F+70559]
	Ordinal0 [0x0073CC63+52323]
	Ordinal0 [0x00760DFC+200188]
	Ordinal0 [0x00760C1D+199709]
	Ordinal0 [0x0075EB0B+191243]
	Ordinal0 [0x00742E77+77431]
	Ordinal0 [0x00743E3E+81470]
	Ordinal0 [0x00743DC9+81353]
	Ordinal0 [0x00930CD9+2100441]
	GetHandleVerifier [0x00B9B75A+1396954]
	GetHandleVerifier [0x00B9B3D9+1396057]
	GetHandleVerifier [0x00BA7126+1444518]
	GetHandleVerifier [0x00B9BCE8+1398376]
	Ordinal0 [0x00927F51+2064209]
	Ordinal0 [0x009322EB+2106091]
	Ordinal0 [0x00932411+2106385]
	Ordinal0 [0x009449C4+2181572]
	BaseThreadInitThunk [0x751A6359+25]
	RtlGetAppContainerNamedObjectPath [0x77768944+228]
	RtlGetAppContainerNamedObjectPath [0x77768914+180]
">
      <![CDATA[org.openqa.selenium.SessionNotCreatedException: session not created: This version of ChromeDriver only supports Chrome version 85
Build info: version: '3.141.59', revision: 'e82be7d358', time: '2018-11-14T08:17:03'
System info: host: 'SUNNYS', ip: '192.168.0.9', os.name: 'Windows 10', os.arch: 'amd64', os.version: '10.0', java.version: '1.8.0_251'
Driver info: driver.version: ChromeDriver
remote stacktrace: Backtrace:
Ordinal0 [0x00A2D383+3134339]
Ordinal0 [0x0091A171+2007409]
Ordinal0 [0x007BAEE8+569064]
Ordinal0 [0x0074139F+70559]
Ordinal0 [0x0073CC63+52323]
Ordinal0 [0x00760DFC+200188]
Ordinal0 [0x00760C1D+199709]
Ordinal0 [0x0075EB0B+191243]
Ordinal0 [0x00742E77+77431]
Ordinal0 [0x00743E3E+81470]
Ordinal0 [0x00743DC9+81353]
Ordinal0 [0x00930CD9+2100441]
GetHandleVerifier [0x00B9B75A+1396954]
GetHandleVerifier [0x00B9B3D9+1396057]
GetHandleVerifier [0x00BA7126+1444518]
GetHandleVerifier [0x00B9BCE8+1398376]
Ordinal0 [0x00927F51+2064209]
Ordinal0 [0x009322EB+2106091]
Ordinal0 [0x00932411+2106385]
Ordinal0 [0x009449C4+2181572]
BaseThreadInitThunk [0x751A6359+25]
RtlGetAppContainerNamedObjectPath [0x77768944+228]
RtlGetAppContainerNamedObjectPath [0x77768914+180]

at sun.reflect.NativeConstructorAccessorImpl.newInstance0(Native Method)
at sun.reflect.NativeConstructorAccessorImpl.newInstance(Unknown Source)
at sun.reflect.DelegatingConstructorAccessorImpl.newInstance(Unknown Source)
at java.lang.reflect.Constructor.newInstance(Unknown Source)
at org.openqa.selenium.remote.W3CHandshakeResponse.lambda$errorHandler$0(W3CHandshakeResponse.java:62)
at org.openqa.selenium.remote.HandshakeResponse.lambda$getResponseFunction$0(HandshakeResponse.java:30)
at org.openqa.selenium.remote.ProtocolHandshake.lambda$createSession$0(ProtocolHandshake.java:126)
at java.util.stream.ReferencePipeline$3$1.accept(Unknown Source)
at java.util.Spliterators$ArraySpliterator.tryAdvance(Unknown Source)
at java.util.stream.ReferencePipeline.forEachWithCancel(Unknown Source)
at java.util.stream.AbstractPipeline.copyIntoWithCancel(Unknown Source)
at java.util.stream.AbstractPipeline.copyInto(Unknown Source)
at java.util.stream.AbstractPipeline.wrapAndCopyInto(Unknown Source)
at java.util.stream.FindOps$FindOp.evaluateSequential(Unknown Source)
at java.util.stream.AbstractPipeline.evaluate(Unknown Source)
at java.util.stream.ReferencePipeline.findFirst(Unknown Source)
at org.openqa.selenium.remote.ProtocolHandshake.createSession(ProtocolHandshake.java:128)
at org.openqa.selenium.remote.ProtocolHandshake.createSession(ProtocolHandshake.java:74)
at org.openqa.selenium.remote.HttpCommandExecutor.execute(HttpCommandExecutor.java:136)
at org.openqa.selenium.remote.service.DriverCommandExecutor.execute(DriverCommandExecutor.java:83)
at org.openqa.selenium.remote.RemoteWebDriver.execute(RemoteWebDriver.java:552)
at org.openqa.selenium.remote.RemoteWebDriver.startSession(RemoteWebDriver.java:213)
at org.openqa.selenium.remote.RemoteWebDriver.<init>(RemoteWebDriver.java:131)
at org.openqa.selenium.chrome.ChromeDriver.<init>(ChromeDriver.java:181)
at org.openqa.selenium.chrome.ChromeDriver.<init>(ChromeDriver.java:168)
at org.openqa.selenium.chrome.ChromeDriver.<init>(ChromeDriver.java:123)
at com.actionclass.DragAndDrop.validateDrop(DragAndDrop.java:16)
at sun.reflect.NativeMethodAccessorImpl.invoke0(Native Method)
at sun.reflect.NativeMethodAccessorImpl.invoke(Unknown Source)
at sun.reflect.DelegatingMethodAccessorImpl.invoke(Unknown Source)
at java.lang.reflect.Method.invoke(Unknown Source)
at org.testng.internal.MethodInvocationHelper.invokeMethod(MethodInvocationHelper.java:135)
at org.testng.internal.TestInvoker.invokeMethod(TestInvoker.java:598)
at org.testng.internal.TestInvoker.invokeTestMethod(TestInvoker.java:174)
at org.testng.internal.MethodRunner.runInSequence(MethodRunner.java:46)
at org.testng.internal.TestInvoker$MethodInvocationAgent.invoke(TestInvoker.java:821)
at org.testng.internal.TestInvoker.invokeTestMethods(TestInvoker.java:147)
at org.testng.internal.TestMethodWorker.invokeTestMethods(TestMethodWorker.java:146)
at org.testng.internal.TestMethodWorker.run(TestMethodWorker.java:128)
at java.util.ArrayList.forEach(Unknown Source)
at org.testng.TestRunner.privateRun(TestRunner.java:767)
at org.testng.TestRunner.run(TestRunner.java:588)
at org.testng.SuiteRunner.runTest(SuiteRunner.java:384)
at org.testng.SuiteRunner.runSequentially(SuiteRunner.java:378)
at org.testng.SuiteRunner.privateRun(SuiteRunner.java:337)
at org.testng.SuiteRunner.run(SuiteRunner.java:286)
at org.testng.SuiteRunnerWorker.runSuite(SuiteRunnerWorker.java:53)
at org.testng.SuiteRunnerWorker.run(SuiteRunnerWorker.java:96)
at org.testng.TestNG.runSuitesSequentially(TestNG.java:1214)
at org.testng.TestNG.runSuitesLocally(TestNG.java:1136)
at org.testng.TestNG.runSuites(TestNG.java:1066)
at org.testng.TestNG.run(TestNG.java:1034)
at org.testng.remote.AbstractRemoteTestNG.run(AbstractRemoteTestNG.java:115)
at org.testng.remote.RemoteTestNG.initAndRun(RemoteTestNG.java:251)
at org.testng.remote.RemoteTestNG.main(RemoteTestNG.java:77)
]]>
    </error>
  </testcase> <!-- validateDrop -->
  <system-out/>
</testsuite> <!-- com.actionclass.DragAndDrop -->
